2024-11-29 13:34:15,424 - INFO - Loading pretrained weights from Hugging Face hub (timm/seresnext101_32x4d.gluon_in1k)
2024-11-29 13:34:15,427 - DEBUG - Starting new HTTPS connection (1): huggingface.co:443
2024-11-29 13:34:15,843 - DEBUG - https://huggingface.co:443 "HEAD /timm/seresnext101_32x4d.gluon_in1k/resolve/main/model.safetensors HTTP/1.1" 302 0
2024-11-29 13:34:15,843 - INFO - [timm/seresnext101_32x4d.gluon_in1k] Safe alternative available for 'pytorch_model.bin' (as 'model.safetensors'). Loading weights using safetensors.
2024-11-29 13:34:15,926 - INFO - Creating a new model
2024-11-29 13:34:16,243 - INFO - Data prepared:
Train: 29612, Val: 10453
2024-11-29 13:34:16,243 - INFO - Data loaded
2024-11-29 13:34:16,245 - INFO - Epoch 1 started...
2024-11-29 13:34:16,245 - INFO - length of train_loader: 1850
2024-11-29 13:34:19,487 - INFO - Batch 1 completed...
2024-11-29 13:34:21,171 - INFO - Batch 2 completed...
2024-11-29 13:34:22,844 - INFO - Batch 3 completed...
2024-11-29 13:34:24,474 - INFO - Batch 4 completed...
2024-11-29 13:34:26,215 - INFO - Batch 5 completed...
2024-11-29 13:34:27,926 - INFO - Batch 6 completed...
2024-11-29 13:34:29,599 - INFO - Batch 7 completed...
2024-11-29 13:34:31,245 - INFO - Batch 8 completed...
2024-11-29 13:34:32,917 - INFO - Batch 9 completed...
2024-11-29 13:34:34,590 - INFO - Batch 10 completed...
2024-11-29 13:34:36,220 - INFO - Batch 11 completed...
2024-11-29 13:34:37,867 - INFO - Batch 12 completed...
2024-11-29 13:34:39,525 - INFO - Batch 13 completed...
2024-11-29 13:34:41,243 - INFO - Batch 14 completed...
2024-11-29 13:34:42,949 - INFO - Batch 15 completed...
2024-11-29 13:34:44,720 - INFO - Batch 16 completed...
2024-11-29 13:34:46,392 - INFO - Batch 17 completed...
2024-11-29 13:34:47,993 - INFO - Batch 18 completed...
2024-11-29 13:34:49,670 - INFO - Batch 19 completed...
2024-11-29 13:34:51,359 - INFO - Batch 20 completed...
2024-11-29 13:34:53,117 - INFO - Batch 21 completed...
2024-11-29 13:34:54,877 - INFO - Batch 22 completed...
2024-11-29 13:34:56,519 - INFO - Batch 23 completed...
2024-11-29 13:34:58,199 - INFO - Batch 24 completed...
2024-11-29 13:34:59,847 - INFO - Batch 25 completed...
2024-11-29 13:35:01,563 - INFO - Batch 26 completed...
2024-11-29 13:35:03,260 - INFO - Batch 27 completed...
2024-11-29 13:35:04,927 - INFO - Batch 28 completed...
2024-11-29 13:35:06,653 - INFO - Batch 29 completed...
2024-11-29 13:35:08,264 - INFO - Batch 30 completed...
2024-11-29 13:35:09,895 - INFO - Batch 31 completed...
2024-11-29 13:35:11,649 - INFO - Batch 32 completed...
2024-11-29 13:35:13,320 - INFO - Batch 33 completed...
2024-11-29 13:35:14,904 - INFO - Batch 34 completed...
2024-11-29 13:35:16,547 - INFO - Batch 35 completed...
2024-11-29 13:35:18,194 - INFO - Batch 36 completed...
2024-11-29 13:35:19,791 - INFO - Batch 37 completed...
2024-11-29 13:35:21,462 - INFO - Batch 38 completed...
2024-11-29 13:35:23,127 - INFO - Batch 39 completed...
